<?xml version="1.0" encoding="UTF-8"?>
<!-- Generated by org.testng.reporters.JUnitReportReporter -->
<testsuite hostname="LAPTOP-OG0KRC8M" failures="0" tests="1" name="com.class12.FlightSearch" time="23.474" errors="0" timestamp="02 Jun 2019 16:18:59 GMT" skipped="0">
  <testcase classname="com.class12.FlightSearch" name="searchFlight" time="23.474"/>
</testsuite> <!-- com.class12.FlightSearch -->
