<?xml version="1.0" encoding="UTF-8"?>
<!-- Generated by org.testng.reporters.JUnitReportReporter -->
<testsuite hostname="LAPTOP-OG0KRC8M" failures="0" tests="1" name="com.class12.Task" time="9.309" errors="0" timestamp="02 Jun 2019 18:47:31 GMT" skipped="0">
  <testcase classname="com.class12.Task" name="readFile" time="9.309"/>
</testsuite> <!-- com.class12.Task -->
