<?xml version="1.0" encoding="UTF-8"?>
<!-- Generated by org.testng.reporters.JUnitReportReporter -->
<testsuite hostname="LAPTOP-OG0KRC8M" failures="0" tests="1" name="com.class08.nursultan" time="0.008" errors="0" timestamp="28 May 2019 22:37:34 GMT" skipped="0">
  <testcase classname="com.class08.nursultan" name="helloWorld" time="0.008"/>
</testsuite> <!-- com.class08.nursultan -->
