<?xml version="1.0" encoding="UTF-8"?>
<!-- Generated by org.testng.reporters.JUnitReportReporter -->
<testsuite hostname="LAPTOP-OG0KRC8M" failures="0" tests="1" name="com.class12.ReadingPropertyFile" time="6.330" errors="0" timestamp="02 Jun 2019 18:26:33 GMT" skipped="0">
  <testcase classname="com.class12.ReadingPropertyFile" name="readFile" time="6.330"/>
</testsuite> <!-- com.class12.ReadingPropertyFile -->
